Build started 11/01/2016 11:52:23.
     1>Project "D:\Thesis\Salmon code\1salmon\1salmon\1salmon.vcxproj" on node 2 (build target(s)).
     1>InitializeBuildStatus:
         Creating "Debug\1salmon.unsuccessfulbuild" because "AlwaysCreate" was specified.
       ClCompile:
         C:\Program Files (x86)\Microsoft Visual Studio 10.0\VC\bin\CL.exe /c /ZI /nologo /W3 /WX- /Od /Oy- /D WIN32 /D _DEBUG /D _CONSOLE /D _UNICODE /D UNICODE /Gm /EHsc /RTC1 /MDd /GS /fp:precise /Zc:wchar_t /Zc:forScope /Fo"Debug\\" /Fd"Debug\vc100.pdb" /Gd /TC /analyze- /errorReport:prompt salmon.c
         salmon.c
     1>d:\thesis\salmon code\1salmon\1salmon\salmon.c(119): warning C4244: 'function' : conversion from 'time_t' to 'unsigned int', possible loss of data
     1>d:\thesis\salmon code\1salmon\1salmon\salmon.c(330): warning C4244: '=' : conversion from 'double' to 'int', possible loss of data
       Link:
         C:\Program Files (x86)\Microsoft Visual Studio 10.0\VC\bin\link.exe /ERRORREPORT:PROMPT /OUT:"D:\Thesis\Salmon code\1salmon\Debug\1salmon.exe" /INCREMENTAL:NO /NOLOGO kernel32.lib user32.lib gdi32.lib winspool.lib comdlg32.lib advapi32.lib shell32.lib ole32.lib oleaut32.lib uuid.lib odbc32.lib odbccp32.lib /MANIFEST /ManifestFile:"Debug\1salmon.exe.intermediate.manifest" /MANIFESTUAC:"level='asInvoker' uiAccess='false'" /DEBUG /PDB:"D:\Thesis\Salmon code\1salmon\Debug\1salmon.pdb" /SUBSYSTEM:CONSOLE /TLBID:1 /DYNAMICBASE /NXCOMPAT /IMPLIB:"D:\Thesis\Salmon code\1salmon\Debug\1salmon.lib" /MACHINE:X86 Debug\salmon.obj
     1>salmon.obj : warning LNK4075: ignoring '/EDITANDCONTINUE' due to '/INCREMENTAL:NO' specification
         1salmon.vcxproj -> D:\Thesis\Salmon code\1salmon\Debug\1salmon.exe
       Manifest:
         C:\Program Files (x86)\Microsoft SDKs\Windows\v7.0A\bin\mt.exe /nologo /verbose /outputresource:"D:\Thesis\Salmon code\1salmon\Debug\1salmon.exe;#1" /manifest Debug\1salmon.exe.intermediate.manifest
       FinalizeBuildStatus:
         Deleting file "Debug\1salmon.unsuccessfulbuild".
         Touching "Debug\1salmon.lastbuildstate".
     1>Done Building Project "D:\Thesis\Salmon code\1salmon\1salmon\1salmon.vcxproj" (build target(s)).

Build succeeded.

Time Elapsed 00:00:04.53
